\\SNL\HOME\JAYVAND\DOCUMENTS\CICW_REVC\CI4000\RELEASE\APP.RES
\\SNL\HOME\JAYVAND\DOCUMENTS\CICW_REVC\CI4000\RELEASE\CICW_REVC.PCH
\\SNL\HOME\JAYVAND\DOCUMENTS\CICW_REVC\CI4000\RELEASE\STDAFX.OBJ
\\SNL\HOME\JAYVAND\DOCUMENTS\CICW_REVC\CI4000\RELEASE\VC110.PDB
\\SNL\HOME\JAYVAND\DOCUMENTS\CICW_REVC\CI4000\RELEASE\CICW.OBJ
\\SNL\HOME\JAYVAND\DOCUMENTS\CICW_REVC\CI4000\RELEASE\PCHIP.OBJ
\\SNL\HOME\JAYVAND\DOCUMENTS\CICW_REVC\CI4000\RELEASE\ESTIMATION.OBJ
\\SNL\HOME\JAYVAND\DOCUMENTS\CICW_REVC\CI4000\RELEASE\MW2LIB.OBJ
\\snl\home\jayvand\Documents\CICW_RevC\bin\x86\Release\CICW_RevC.lib
\\snl\home\jayvand\Documents\CICW_RevC\bin\x86\Release\CICW_RevC.exp
\\SNL\HOME\JAYVAND\DOCUMENTS\CICW_REVC\BIN\X86\RELEASE\CICW_REVC.DLL
\\SNL\HOME\JAYVAND\DOCUMENTS\CICW_REVC\BIN\X86\RELEASE\CICW_REVC.PDB
\\snl\home\jayvand\Documents\CICW_RevC\CI4000\Release\CICW.obj
\\snl\home\jayvand\Documents\CICW_RevC\CI4000\Release\Pchip.obj
\\snl\home\jayvand\Documents\CICW_RevC\CI4000\Release\Estimation.obj
\\snl\home\jayvand\Documents\CICW_RevC\CI4000\Release\Stdafx.obj
\\snl\home\jayvand\Documents\CICW_RevC\CI4000\Release\mw2Lib.obj
\\snl\home\jayvand\Documents\CICW_RevC\CI4000\Release\link-cvtres.write.1.tlog
\\snl\home\jayvand\Documents\CICW_RevC\CI4000\Release\link-rc.read.1.tlog
\\snl\home\jayvand\Documents\CICW_RevC\CI4000\Release\cl.command.1.tlog
\\snl\home\jayvand\Documents\CICW_RevC\CI4000\Release\rc.write.1.tlog
\\snl\home\jayvand\Documents\CICW_RevC\CI4000\Release\CL.write.1.tlog
\\snl\home\jayvand\Documents\CICW_RevC\CI4000\Release\CL.read.1.tlog
\\snl\home\jayvand\Documents\CICW_RevC\CI4000\Release\link.command.1.tlog
\\snl\home\jayvand\Documents\CICW_RevC\CI4000\Release\link.read.1.tlog
\\snl\home\jayvand\Documents\CICW_RevC\CI4000\Release\rc.command.1.tlog
\\snl\home\jayvand\Documents\CICW_RevC\CI4000\Release\link-rc.write.1.tlog
\\snl\home\jayvand\Documents\CICW_RevC\CI4000\Release\CICW_RevC.write.1.tlog
\\snl\home\jayvand\Documents\CICW_RevC\CI4000\Release\link-cvtres.read.1.tlog
\\snl\home\jayvand\Documents\CICW_RevC\CI4000\Release\rc.read.1.tlog
\\snl\home\jayvand\Documents\CICW_RevC\CI4000\Release\link.write.1.tlog
\\snl\home\jayvand\Documents\CICW_RevC\CI4000\Release\app.res
\\snl\home\jayvand\Documents\CICW_RevC\CI4000\Release\CICW_RevC.pch
\\snl\home\jayvand\Documents\CICW_RevC\CI4000\Release\vc110.pdb
\\snl\home\jayvand\Documents\CICW_RevC\bin\x86\Release\CICW_RevC.pdb
\\snl\home\jayvand\Documents\CICW_RevC\bin\x86\Release\CICW_RevC.dll
