  'svnversion' is not recognized as an internal or external command,
  operable program or batch file.
  mw2Lib.c
..\mw2Lib\mw2Lib.c(204): warning C4013: '_mw2ReadTemperature' undefined; assuming extern returning int
..\mw2Lib\mw2Lib.c(231): warning C4101: 'Serial' : unreferenced local variable
..\mw2Lib\mw2Lib.c(411): warning C4018: '<' : signed/unsigned mismatch
..\mw2Lib\mw2Lib.c(373): warning C4101: 'szPath' : unreferenced local variable
..\mw2Lib\mw2Lib.c(500): warning C4101: 'mw2Error' : unreferenced local variable
..\mw2Lib\mw2Lib.c(531): warning C4028: formal parameter 1 different from declaration
..\mw2Lib\mw2Lib.c(692): warning C4101: 'R8' : unreferenced local variable
..\mw2Lib\mw2Lib.c(728): warning C4101: 'R8' : unreferenced local variable
..\mw2Lib\mw2Lib.c(729): warning C4101: 'r' : unreferenced local variable
..\mw2Lib\mw2Lib.c(973): warning C4013: '_mw2SetHmc833Freq' undefined; assuming extern returning int
..\mw2Lib\mw2Lib.c(1237): warning C4305: '=' : truncation from 'int' to 'UCHAR'
..\mw2Lib\mw2Lib.c(1241): warning C4305: '=' : truncation from 'int' to 'UCHAR'
..\mw2Lib\mw2Lib.c(1250): warning C4305: '=' : truncation from 'int' to 'UCHAR'
..\mw2Lib\mw2Lib.c(1254): warning C4305: '=' : truncation from 'int' to 'UCHAR'
..\mw2Lib\mw2Lib.c(1263): warning C4305: '=' : truncation from 'int' to 'UCHAR'
..\mw2Lib\mw2Lib.c(1267): warning C4305: '=' : truncation from 'int' to 'UCHAR'
..\mw2Lib\mw2Lib.c(1275): warning C4305: '=' : truncation from 'int' to 'UCHAR'
..\mw2Lib\mw2Lib.c(2019): warning C4101: 'data4' : unreferenced local variable
..\mw2Lib\mw2Lib.c(2022): warning C4101: 'j' : unreferenced local variable
..\mw2Lib\mw2Lib.c(2177): warning C4101: 'count' : unreferenced local variable
..\mw2Lib\mw2Lib.c(2176): warning C4101: 'text' : unreferenced local variable
..\mw2Lib\mw2Lib.c(2174): warning C4101: 'freq' : unreferenced local variable
..\mw2Lib\mw2Lib.c(2175): warning C4101: 'fdac' : unreferenced local variable
..\mw2Lib\mw2Lib.c(2177): warning C4101: 'n' : unreferenced local variable
..\mw2Lib\mw2Lib.c(2178): warning C4101: 'deltaf' : unreferenced local variable
..\mw2Lib\mw2Lib.c(2173): warning C4101: 'FileName' : unreferenced local variable
..\mw2Lib\mw2Lib.c(2172): warning C4101: 'hFile' : unreferenced local variable
..\mw2Lib\mw2Lib.c(2179): warning C4101: 'ul' : unreferenced local variable
..\mw2Lib\mw2Lib.c(2169): warning C4101: 'FDAC' : unreferenced local variable
\\snl\home\jayvand\documents\cicw_revc\mw2lib\mw2lib.c(2204): warning C4715: 'mw2Freq2FilterDac' : not all control paths return a value
     Creating library \\snl\home\jayvand\Documents\CICW_RevC\bin\x64\Release\CICW_RevC.lib and object \\snl\home\jayvand\Documents\CICW_RevC\bin\x64\Release\CICW_RevC.exp
  CI4000.vcxproj -> \\snl\home\jayvand\Documents\CICW_RevC\bin\x64\Release\CICW_RevC.dll
