\\SNL\HOME\JAYVAND\DOCUMENTS\CICW_REVC\CI4000\X64\RELEASE\APP.RES
\\SNL\HOME\JAYVAND\DOCUMENTS\CICW_REVC\CI4000\X64\RELEASE\CICW_REVC.PCH
\\SNL\HOME\JAYVAND\DOCUMENTS\CICW_REVC\CI4000\X64\RELEASE\STDAFX.OBJ
\\SNL\HOME\JAYVAND\DOCUMENTS\CICW_REVC\CI4000\X64\RELEASE\VC110.PDB
\\SNL\HOME\JAYVAND\DOCUMENTS\CICW_REVC\CI4000\X64\RELEASE\CICW.OBJ
\\SNL\HOME\JAYVAND\DOCUMENTS\CICW_REVC\CI4000\X64\RELEASE\PCHIP.OBJ
\\SNL\HOME\JAYVAND\DOCUMENTS\CICW_REVC\CI4000\X64\RELEASE\ESTIMATION.OBJ
\\SNL\HOME\JAYVAND\DOCUMENTS\CICW_REVC\CI4000\X64\RELEASE\MW2LIB.OBJ
属獜汮桜浯履慪癹湡層潄畣敭瑮屳䥃坃剟癥屃䥃〴〰䍜㑉〰⸰捶灸潲൪尊獜汮桜浯履慪癹湡層潄畣敭瑮屳䥃坃剟癥屃楢屮㙸尴敒敬獡履䥃坃剟癥⹃楬ൢ尊獜汮桜浯履慪癹湡層潄畣敭瑮屳䥃坃剟癥屃楢屮㙸尴敒敬獡履䥃坃剟癥⹃楬ൢ尊獜汮桜浯履慪癹湡層潄畣敭瑮屳䥃坃剟癥屃楢屮㙸尴敒敬獡履䥃坃剟癥⹃硥൰尊獜汮桜浯履慪癹湡層潄畣敭瑮屳䥃坃剟癥屃楢屮㙸尴敒敬獡履䥃坃剟癥⹃硥൰
\\SNL\HOME\JAYVAND\DOCUMENTS\CICW_REVC\BIN\X64\RELEASE\CICW_REVC.DLL
\\SNL\HOME\JAYVAND\DOCUMENTS\CICW_REVC\BIN\X64\RELEASE\CICW_REVC.PDB
\\snl\home\jayvand\Documents\CICW_RevC\CI4000\x64\Release\CICW.obj
\\snl\home\jayvand\Documents\CICW_RevC\CI4000\x64\Release\Pchip.obj
\\snl\home\jayvand\Documents\CICW_RevC\CI4000\x64\Release\Estimation.obj
\\snl\home\jayvand\Documents\CICW_RevC\CI4000\x64\Release\Stdafx.obj
\\snl\home\jayvand\Documents\CICW_RevC\CI4000\x64\Release\mw2Lib.obj
\\snl\home\jayvand\Documents\CICW_RevC\CI4000\x64\Release\link-cvtres.write.1.tlog
\\snl\home\jayvand\Documents\CICW_RevC\CI4000\x64\Release\link-rc.read.1.tlog
\\snl\home\jayvand\Documents\CICW_RevC\CI4000\x64\Release\cl.command.1.tlog
\\snl\home\jayvand\Documents\CICW_RevC\CI4000\x64\Release\rc.write.1.tlog
\\snl\home\jayvand\Documents\CICW_RevC\CI4000\x64\Release\CL.write.1.tlog
\\snl\home\jayvand\Documents\CICW_RevC\CI4000\x64\Release\CL.read.1.tlog
\\snl\home\jayvand\Documents\CICW_RevC\CI4000\x64\Release\link.command.1.tlog
\\snl\home\jayvand\Documents\CICW_RevC\CI4000\x64\Release\link.read.1.tlog
\\snl\home\jayvand\Documents\CICW_RevC\CI4000\x64\Release\rc.command.1.tlog
\\snl\home\jayvand\Documents\CICW_RevC\CI4000\x64\Release\link-rc.write.1.tlog
\\snl\home\jayvand\Documents\CICW_RevC\CI4000\x64\Release\CICW_RevC.write.1.tlog
\\snl\home\jayvand\Documents\CICW_RevC\CI4000\x64\Release\link-cvtres.read.1.tlog
\\snl\home\jayvand\Documents\CICW_RevC\CI4000\x64\Release\rc.read.1.tlog
\\snl\home\jayvand\Documents\CICW_RevC\CI4000\x64\Release\link.write.1.tlog
\\snl\home\jayvand\Documents\CICW_RevC\CI4000\x64\Release\app.res
\\snl\home\jayvand\Documents\CICW_RevC\CI4000\x64\Release\CICW_RevC.pch
\\snl\home\jayvand\Documents\CICW_RevC\CI4000\x64\Release\vc110.pdb
\\snl\home\jayvand\Documents\CICW_RevC\bin\x64\Release\CICW_RevC.pdb
\\snl\home\jayvand\Documents\CICW_RevC\bin\x64\Release\CICW_RevC.dll
